<?xml version="1.0" encoding="UTF-8"?>
<testsuite xmlns:xsi="http://www.w3.org/2001/XMLSchema-instance" xsi:noNamespaceSchemaLocation="https://maven.apache.org/surefire/maven-surefire-plugin/xsd/surefire-test-report-3.0.xsd" version="3.0" name="Inventory.Service.InventoryServiceApplicationTests" time="6.756" tests="1" errors="0" skipped="0" failures="0">
  <properties>
[...]
</properties>
  <testcase name="contextLoads" classname="Inventory.Service.InventoryServiceApplicationTests" time="0.533">
    <system-out><![CDATA[21:53:38.875 [main] INFO org.springframework.test.context.support.AnnotationConfigContextLoaderUtils -- Could not detect default configuration classes for test class [Inventory.Service.InventoryServiceApplicationTests]: InventoryServiceApplicationTests does not declare any static, non-private, non-final, nested classes annotated with @Configuration.
21:53:38.967 [main] INFO org.springframework.boot.test.context.SpringBootTestContextBootstrapper -- Found @SpringBootConfiguration Inventory.Service.InventoryServiceApplication for test class Inventory.Service.InventoryServiceApplicationTests

  .   ____          _            __ _ _
 /\\ / ___'_ __ _ _(_)_ __  __ _ \ \ \ \
( ( )\___ | '_ | '_| | '_ \/ _` | \ \ \ \
 \\/  ___)| |_)| | | | | || (_| |  ) ) ) )
  '  |____| .__|_| |_|_| |_\__, | / / / /
 =========|_|==============|___/=/_/_/_/
 :: Spring Boot ::                (v3.1.4)

2023-10-12T21:53:39.470-04:00  INFO 7148 --- [           main] I.S.InventoryServiceApplicationTests     : Starting InventoryServiceApplicationTests using Java 19.0.1 with PID 7148 (started by 97152 in C:\Users\97152\Desktop\mService\microservicesNew\inventory-service)
2023-10-12T21:53:39.471-04:00  INFO 7148 --- [           main] I.S.InventoryServiceApplicationTests     : No active profile set, falling back to 1 default profile: "default"
2023-10-12T21:53:40.120-04:00  INFO 7148 --- [           main] .s.d.r.c.RepositoryConfigurationDelegate : Bootstrapping Spring Data JPA repositories in DEFAULT mode.
2023-10-12T21:53:40.275-04:00  INFO 7148 --- [           main] .s.d.r.c.RepositoryConfigurationDelegate : Finished Spring Data repository scanning in 143 ms. Found 1 JPA repository interfaces.
2023-10-12T21:53:40.609-04:00  INFO 7148 --- [           main] o.s.cloud.context.scope.GenericScope     : BeanFactory id=ba7f0425-d183-306d-8298-9419af565fba
2023-10-12T21:53:40.950-04:00  INFO 7148 --- [           main] o.hibernate.jpa.internal.util.LogHelper  : HHH000204: Processing PersistenceUnitInfo [name: default]
2023-10-12T21:53:41.022-04:00  INFO 7148 --- [           main] org.hibernate.Version                    : HHH000412: Hibernate ORM core version 6.2.9.Final
2023-10-12T21:53:41.025-04:00  INFO 7148 --- [           main] org.hibernate.cfg.Environment            : HHH000406: Using bytecode reflection optimizer
2023-10-12T21:53:41.260-04:00  INFO 7148 --- [           main] o.h.b.i.BytecodeProviderInitiator        : HHH000021: Bytecode provider name : bytebuddy
2023-10-12T21:53:41.441-04:00  INFO 7148 --- [           main] o.s.o.j.p.SpringPersistenceUnitInfo      : No LoadTimeWeaver setup: ignoring JPA class transformer
2023-10-12T21:53:41.474-04:00  INFO 7148 --- [           main] com.zaxxer.hikari.HikariDataSource       : HikariPool-1 - Starting...
2023-10-12T21:53:41.904-04:00  INFO 7148 --- [           main] com.zaxxer.hikari.pool.HikariPool        : HikariPool-1 - Added connection com.mysql.cj.jdbc.ConnectionImpl@1e6d30c0
2023-10-12T21:53:41.907-04:00  INFO 7148 --- [           main] com.zaxxer.hikari.HikariDataSource       : HikariPool-1 - Start completed.
2023-10-12T21:53:42.263-04:00  INFO 7148 --- [           main] o.h.b.i.BytecodeProviderInitiator        : HHH000021: Bytecode provider name : bytebuddy
2023-10-12T21:53:42.917-04:00  INFO 7148 --- [           main] o.h.e.t.j.p.i.JtaPlatformInitiator       : HHH000490: Using JtaPlatform implementation: [org.hibernate.engine.transaction.jta.platform.internal.NoJtaPlatform]
2023-10-12T21:53:42.967-04:00  INFO 7148 --- [           main] j.LocalContainerEntityManagerFactoryBean : Initialized JPA EntityManagerFactory for persistence unit 'default'
2023-10-12T21:53:43.558-04:00  WARN 7148 --- [           main] JpaBaseConfiguration$JpaWebConfiguration : spring.jpa.open-in-view is enabled by default. Therefore, database queries may be performed during view rendering. Explicitly configure spring.jpa.open-in-view to disable this warning
2023-10-12T21:53:44.382-04:00  INFO 7148 --- [           main] DiscoveryClientOptionalArgsConfiguration : Eureka HTTP Client uses RestTemplate.
2023-10-12T21:53:44.736-04:00  WARN 7148 --- [           main] iguration$LoadBalancerCaffeineWarnLogger : Spring Cloud LoadBalancer is currently working with the default cache. While this cache implementation is useful for development and tests, it's recommended to use Caffeine cache in production.You can switch to using Caffeine cache, by adding it and org.springframework.cache.caffeine.CaffeineCacheManager to the classpath.
2023-10-12T21:53:44.800-04:00  INFO 7148 --- [           main] I.S.InventoryServiceApplicationTests     : Started InventoryServiceApplicationTests in 5.709 seconds (process running for 6.544)
]]></system-out>
  </testcase>
</testsuite>